[2023-04-26 19:41:55] laravel.EMERGENCY: Unable to create configured logger. Using emergency logger. {"exception":"[object] (InvalidArgumentException(code: 0): Log [] is not defined. at /home/hearca/ProjecteFinal/gocatch/vendor/laravel/framework/src/Illuminate/Log/LogManager.php:210)
[stacktrace]
#0 /home/hearca/ProjecteFinal/gocatch/vendor/laravel/framework/src/Illuminate/Log/LogManager.php(135): Illuminate\\Log\\LogManager->resolve()
#1 /home/hearca/ProjecteFinal/gocatch/vendor/laravel/framework/src/Illuminate/Log/LogManager.php(122): Illuminate\\Log\\LogManager->get()
#2 /home/hearca/ProjecteFinal/gocatch/vendor/laravel/framework/src/Illuminate/Log/LogManager.php(645): Illuminate\\Log\\LogManager->driver()
#3 /home/hearca/ProjecteFinal/gocatch/vendor/laravel/framework/src/Illuminate/Foundation/Exceptions/Handler.php(274): Illuminate\\Log\\LogManager->error()
#4 /home/hearca/ProjecteFinal/gocatch/vendor/laravel/framework/src/Illuminate/Foundation/Console/Kernel.php(454): Illuminate\\Foundation\\Exceptions\\Handler->report()
#5 /home/hearca/ProjecteFinal/gocatch/vendor/laravel/framework/src/Illuminate/Foundation/Console/Kernel.php(157): Illuminate\\Foundation\\Console\\Kernel->reportException()
#6 /home/hearca/ProjecteFinal/gocatch/artisan(37): Illuminate\\Foundation\\Console\\Kernel->handle()
#7 {main}
"} 
[2023-04-26 19:41:55] laravel.ERROR: syntax error, unexpected token ")" {"exception":"[object] (ParseError(code: 0): syntax error, unexpected token \")\" at /home/hearca/ProjecteFinal/gocatch/vendor/symfony/finder/Finder.php:636)
[stacktrace]
#0 /home/hearca/ProjecteFinal/gocatch/vendor/composer/ClassLoader.php(433): Composer\\Autoload\\{closure}()
#1 /home/hearca/ProjecteFinal/gocatch/vendor/laravel/framework/src/Illuminate/Foundation/Bootstrap/LoadConfiguration.php(86): Composer\\Autoload\\ClassLoader->loadClass()
#2 /home/hearca/ProjecteFinal/gocatch/vendor/laravel/framework/src/Illuminate/Foundation/Bootstrap/LoadConfiguration.php(63): Illuminate\\Foundation\\Bootstrap\\LoadConfiguration->getConfigurationFiles()
#3 /home/hearca/ProjecteFinal/gocatch/vendor/laravel/framework/src/Illuminate/Foundation/Bootstrap/LoadConfiguration.php(39): Illuminate\\Foundation\\Bootstrap\\LoadConfiguration->loadConfigurationFiles()
#4 /home/hearca/ProjecteFinal/gocatch/vendor/laravel/framework/src/Illuminate/Foundation/Application.php(242): Illuminate\\Foundation\\Bootstrap\\LoadConfiguration->bootstrap()
#5 /home/hearca/ProjecteFinal/gocatch/vendor/laravel/framework/src/Illuminate/Foundation/Console/Kernel.php(383): Illuminate\\Foundation\\Application->bootstrapWith()
#6 /home/hearca/ProjecteFinal/gocatch/vendor/laravel/framework/src/Illuminate/Foundation/Console/Kernel.php(153): Illuminate\\Foundation\\Console\\Kernel->bootstrap()
#7 /home/hearca/ProjecteFinal/gocatch/artisan(37): Illuminate\\Foundation\\Console\\Kernel->handle()
#8 {main}
"} 
[2023-04-26 19:42:50] laravel.EMERGENCY: Unable to create configured logger. Using emergency logger. {"exception":"[object] (InvalidArgumentException(code: 0): Log [] is not defined. at /home/hearca/ProjecteFinal/gocatch/vendor/laravel/framework/src/Illuminate/Log/LogManager.php:210)
[stacktrace]
#0 /home/hearca/ProjecteFinal/gocatch/vendor/laravel/framework/src/Illuminate/Log/LogManager.php(135): Illuminate\\Log\\LogManager->resolve()
#1 /home/hearca/ProjecteFinal/gocatch/vendor/laravel/framework/src/Illuminate/Log/LogManager.php(122): Illuminate\\Log\\LogManager->get()
#2 /home/hearca/ProjecteFinal/gocatch/vendor/laravel/framework/src/Illuminate/Log/LogManager.php(645): Illuminate\\Log\\LogManager->driver()
#3 /home/hearca/ProjecteFinal/gocatch/vendor/laravel/framework/src/Illuminate/Foundation/Exceptions/Handler.php(274): Illuminate\\Log\\LogManager->error()
#4 /home/hearca/ProjecteFinal/gocatch/vendor/laravel/framework/src/Illuminate/Foundation/Console/Kernel.php(454): Illuminate\\Foundation\\Exceptions\\Handler->report()
#5 /home/hearca/ProjecteFinal/gocatch/vendor/laravel/framework/src/Illuminate/Foundation/Console/Kernel.php(157): Illuminate\\Foundation\\Console\\Kernel->reportException()
#6 /home/hearca/ProjecteFinal/gocatch/artisan(37): Illuminate\\Foundation\\Console\\Kernel->handle()
#7 {main}
"} 
[2023-04-26 19:42:50] laravel.ERROR: syntax error, unexpected token ")" {"exception":"[object] (ParseError(code: 0): syntax error, unexpected token \")\" at /home/hearca/ProjecteFinal/gocatch/vendor/symfony/finder/Finder.php:636)
[stacktrace]
#0 /home/hearca/ProjecteFinal/gocatch/vendor/composer/ClassLoader.php(433): Composer\\Autoload\\{closure}()
#1 /home/hearca/ProjecteFinal/gocatch/vendor/laravel/framework/src/Illuminate/Foundation/Bootstrap/LoadConfiguration.php(86): Composer\\Autoload\\ClassLoader->loadClass()
#2 /home/hearca/ProjecteFinal/gocatch/vendor/laravel/framework/src/Illuminate/Foundation/Bootstrap/LoadConfiguration.php(63): Illuminate\\Foundation\\Bootstrap\\LoadConfiguration->getConfigurationFiles()
#3 /home/hearca/ProjecteFinal/gocatch/vendor/laravel/framework/src/Illuminate/Foundation/Bootstrap/LoadConfiguration.php(39): Illuminate\\Foundation\\Bootstrap\\LoadConfiguration->loadConfigurationFiles()
#4 /home/hearca/ProjecteFinal/gocatch/vendor/laravel/framework/src/Illuminate/Foundation/Application.php(242): Illuminate\\Foundation\\Bootstrap\\LoadConfiguration->bootstrap()
#5 /home/hearca/ProjecteFinal/gocatch/vendor/laravel/framework/src/Illuminate/Foundation/Console/Kernel.php(383): Illuminate\\Foundation\\Application->bootstrapWith()
#6 /home/hearca/ProjecteFinal/gocatch/vendor/laravel/framework/src/Illuminate/Foundation/Console/Kernel.php(153): Illuminate\\Foundation\\Console\\Kernel->bootstrap()
#7 /home/hearca/ProjecteFinal/gocatch/artisan(37): Illuminate\\Foundation\\Console\\Kernel->handle()
#8 {main}
"} 
[2023-04-26 19:43:09] laravel.EMERGENCY: Unable to create configured logger. Using emergency logger. {"exception":"[object] (InvalidArgumentException(code: 0): Log [] is not defined. at /home/hearca/ProjecteFinal/gocatch/vendor/laravel/framework/src/Illuminate/Log/LogManager.php:210)
[stacktrace]
#0 /home/hearca/ProjecteFinal/gocatch/vendor/laravel/framework/src/Illuminate/Log/LogManager.php(135): Illuminate\\Log\\LogManager->resolve()
#1 /home/hearca/ProjecteFinal/gocatch/vendor/laravel/framework/src/Illuminate/Log/LogManager.php(122): Illuminate\\Log\\LogManager->get()
#2 /home/hearca/ProjecteFinal/gocatch/vendor/laravel/framework/src/Illuminate/Log/LogManager.php(645): Illuminate\\Log\\LogManager->driver()
#3 /home/hearca/ProjecteFinal/gocatch/vendor/laravel/framework/src/Illuminate/Foundation/Exceptions/Handler.php(274): Illuminate\\Log\\LogManager->error()
#4 /home/hearca/ProjecteFinal/gocatch/vendor/laravel/framework/src/Illuminate/Foundation/Console/Kernel.php(454): Illuminate\\Foundation\\Exceptions\\Handler->report()
#5 /home/hearca/ProjecteFinal/gocatch/vendor/laravel/framework/src/Illuminate/Foundation/Console/Kernel.php(157): Illuminate\\Foundation\\Console\\Kernel->reportException()
#6 /home/hearca/ProjecteFinal/gocatch/artisan(37): Illuminate\\Foundation\\Console\\Kernel->handle()
#7 {main}
"} 
[2023-04-26 19:43:09] laravel.ERROR: syntax error, unexpected token ")" {"exception":"[object] (ParseError(code: 0): syntax error, unexpected token \")\" at /home/hearca/ProjecteFinal/gocatch/vendor/symfony/finder/Finder.php:636)
[stacktrace]
#0 /home/hearca/ProjecteFinal/gocatch/vendor/composer/ClassLoader.php(433): Composer\\Autoload\\{closure}()
#1 /home/hearca/ProjecteFinal/gocatch/vendor/laravel/framework/src/Illuminate/Foundation/Bootstrap/LoadConfiguration.php(86): Composer\\Autoload\\ClassLoader->loadClass()
#2 /home/hearca/ProjecteFinal/gocatch/vendor/laravel/framework/src/Illuminate/Foundation/Bootstrap/LoadConfiguration.php(63): Illuminate\\Foundation\\Bootstrap\\LoadConfiguration->getConfigurationFiles()
#3 /home/hearca/ProjecteFinal/gocatch/vendor/laravel/framework/src/Illuminate/Foundation/Bootstrap/LoadConfiguration.php(39): Illuminate\\Foundation\\Bootstrap\\LoadConfiguration->loadConfigurationFiles()
#4 /home/hearca/ProjecteFinal/gocatch/vendor/laravel/framework/src/Illuminate/Foundation/Application.php(242): Illuminate\\Foundation\\Bootstrap\\LoadConfiguration->bootstrap()
#5 /home/hearca/ProjecteFinal/gocatch/vendor/laravel/framework/src/Illuminate/Foundation/Console/Kernel.php(383): Illuminate\\Foundation\\Application->bootstrapWith()
#6 /home/hearca/ProjecteFinal/gocatch/vendor/laravel/framework/src/Illuminate/Foundation/Console/Kernel.php(153): Illuminate\\Foundation\\Console\\Kernel->bootstrap()
#7 /home/hearca/ProjecteFinal/gocatch/artisan(37): Illuminate\\Foundation\\Console\\Kernel->handle()
#8 {main}
"} 
[2023-04-26 19:43:31] laravel.EMERGENCY: Unable to create configured logger. Using emergency logger. {"exception":"[object] (InvalidArgumentException(code: 0): Log [] is not defined. at /home/hearca/ProjecteFinal/gocatch/vendor/laravel/framework/src/Illuminate/Log/LogManager.php:210)
[stacktrace]
#0 /home/hearca/ProjecteFinal/gocatch/vendor/laravel/framework/src/Illuminate/Log/LogManager.php(135): Illuminate\\Log\\LogManager->resolve()
#1 /home/hearca/ProjecteFinal/gocatch/vendor/laravel/framework/src/Illuminate/Log/LogManager.php(122): Illuminate\\Log\\LogManager->get()
#2 /home/hearca/ProjecteFinal/gocatch/vendor/laravel/framework/src/Illuminate/Log/LogManager.php(645): Illuminate\\Log\\LogManager->driver()
#3 /home/hearca/ProjecteFinal/gocatch/vendor/laravel/framework/src/Illuminate/Foundation/Exceptions/Handler.php(274): Illuminate\\Log\\LogManager->error()
#4 /home/hearca/ProjecteFinal/gocatch/vendor/laravel/framework/src/Illuminate/Foundation/Console/Kernel.php(454): Illuminate\\Foundation\\Exceptions\\Handler->report()
#5 /home/hearca/ProjecteFinal/gocatch/vendor/laravel/framework/src/Illuminate/Foundation/Console/Kernel.php(157): Illuminate\\Foundation\\Console\\Kernel->reportException()
#6 /home/hearca/ProjecteFinal/gocatch/artisan(37): Illuminate\\Foundation\\Console\\Kernel->handle()
#7 {main}
"} 
[2023-04-26 19:43:31] laravel.ERROR: syntax error, unexpected token ")" {"exception":"[object] (ParseError(code: 0): syntax error, unexpected token \")\" at /home/hearca/ProjecteFinal/gocatch/vendor/symfony/finder/Finder.php:636)
[stacktrace]
#0 /home/hearca/ProjecteFinal/gocatch/vendor/composer/ClassLoader.php(433): Composer\\Autoload\\{closure}()
#1 /home/hearca/ProjecteFinal/gocatch/vendor/laravel/framework/src/Illuminate/Foundation/Bootstrap/LoadConfiguration.php(86): Composer\\Autoload\\ClassLoader->loadClass()
#2 /home/hearca/ProjecteFinal/gocatch/vendor/laravel/framework/src/Illuminate/Foundation/Bootstrap/LoadConfiguration.php(63): Illuminate\\Foundation\\Bootstrap\\LoadConfiguration->getConfigurationFiles()
#3 /home/hearca/ProjecteFinal/gocatch/vendor/laravel/framework/src/Illuminate/Foundation/Bootstrap/LoadConfiguration.php(39): Illuminate\\Foundation\\Bootstrap\\LoadConfiguration->loadConfigurationFiles()
#4 /home/hearca/ProjecteFinal/gocatch/vendor/laravel/framework/src/Illuminate/Foundation/Application.php(242): Illuminate\\Foundation\\Bootstrap\\LoadConfiguration->bootstrap()
#5 /home/hearca/ProjecteFinal/gocatch/vendor/laravel/framework/src/Illuminate/Foundation/Console/Kernel.php(383): Illuminate\\Foundation\\Application->bootstrapWith()
#6 /home/hearca/ProjecteFinal/gocatch/vendor/laravel/framework/src/Illuminate/Foundation/Console/Kernel.php(153): Illuminate\\Foundation\\Console\\Kernel->bootstrap()
#7 /home/hearca/ProjecteFinal/gocatch/artisan(37): Illuminate\\Foundation\\Console\\Kernel->handle()
#8 {main}
"} 
[2023-04-26 19:45:44] laravel.EMERGENCY: Unable to create configured logger. Using emergency logger. {"exception":"[object] (InvalidArgumentException(code: 0): Log [] is not defined. at /home/hearca/ProjecteFinal/gocatch/vendor/laravel/framework/src/Illuminate/Log/LogManager.php:210)
[stacktrace]
#0 /home/hearca/ProjecteFinal/gocatch/vendor/laravel/framework/src/Illuminate/Log/LogManager.php(135): Illuminate\\Log\\LogManager->resolve()
#1 /home/hearca/ProjecteFinal/gocatch/vendor/laravel/framework/src/Illuminate/Log/LogManager.php(122): Illuminate\\Log\\LogManager->get()
#2 /home/hearca/ProjecteFinal/gocatch/vendor/laravel/framework/src/Illuminate/Log/LogManager.php(645): Illuminate\\Log\\LogManager->driver()
#3 /home/hearca/ProjecteFinal/gocatch/vendor/laravel/framework/src/Illuminate/Foundation/Exceptions/Handler.php(274): Illuminate\\Log\\LogManager->error()
#4 /home/hearca/ProjecteFinal/gocatch/vendor/laravel/framework/src/Illuminate/Foundation/Console/Kernel.php(454): Illuminate\\Foundation\\Exceptions\\Handler->report()
#5 /home/hearca/ProjecteFinal/gocatch/vendor/laravel/framework/src/Illuminate/Foundation/Console/Kernel.php(157): Illuminate\\Foundation\\Console\\Kernel->reportException()
#6 /home/hearca/ProjecteFinal/gocatch/artisan(37): Illuminate\\Foundation\\Console\\Kernel->handle()
#7 {main}
"} 
[2023-04-26 19:45:44] laravel.ERROR: syntax error, unexpected token ")" {"exception":"[object] (ParseError(code: 0): syntax error, unexpected token \")\" at /home/hearca/ProjecteFinal/gocatch/vendor/symfony/finder/Finder.php:636)
[stacktrace]
#0 /home/hearca/ProjecteFinal/gocatch/vendor/composer/ClassLoader.php(433): Composer\\Autoload\\{closure}()
#1 /home/hearca/ProjecteFinal/gocatch/vendor/laravel/framework/src/Illuminate/Foundation/Bootstrap/LoadConfiguration.php(86): Composer\\Autoload\\ClassLoader->loadClass()
#2 /home/hearca/ProjecteFinal/gocatch/vendor/laravel/framework/src/Illuminate/Foundation/Bootstrap/LoadConfiguration.php(63): Illuminate\\Foundation\\Bootstrap\\LoadConfiguration->getConfigurationFiles()
#3 /home/hearca/ProjecteFinal/gocatch/vendor/laravel/framework/src/Illuminate/Foundation/Bootstrap/LoadConfiguration.php(39): Illuminate\\Foundation\\Bootstrap\\LoadConfiguration->loadConfigurationFiles()
#4 /home/hearca/ProjecteFinal/gocatch/vendor/laravel/framework/src/Illuminate/Foundation/Application.php(242): Illuminate\\Foundation\\Bootstrap\\LoadConfiguration->bootstrap()
#5 /home/hearca/ProjecteFinal/gocatch/vendor/laravel/framework/src/Illuminate/Foundation/Console/Kernel.php(383): Illuminate\\Foundation\\Application->bootstrapWith()
#6 /home/hearca/ProjecteFinal/gocatch/vendor/laravel/framework/src/Illuminate/Foundation/Console/Kernel.php(153): Illuminate\\Foundation\\Console\\Kernel->bootstrap()
#7 /home/hearca/ProjecteFinal/gocatch/artisan(37): Illuminate\\Foundation\\Console\\Kernel->handle()
#8 {main}
"} 
[2023-04-27 13:13:25] laravel.EMERGENCY: Unable to create configured logger. Using emergency logger. {"exception":"[object] (InvalidArgumentException(code: 0): Log [file] is not defined. at /home/hearca/ProjecteFinal/gocatch/vendor/laravel/framework/src/Illuminate/Log/LogManager.php:210)
[stacktrace]
#0 /home/hearca/ProjecteFinal/gocatch/vendor/laravel/framework/src/Illuminate/Log/LogManager.php(135): Illuminate\\Log\\LogManager->resolve()
#1 /home/hearca/ProjecteFinal/gocatch/vendor/laravel/framework/src/Illuminate/Log/LogManager.php(122): Illuminate\\Log\\LogManager->get()
#2 /home/hearca/ProjecteFinal/gocatch/vendor/laravel/framework/src/Illuminate/Log/LogManager.php(111): Illuminate\\Log\\LogManager->driver()
#3 /home/hearca/ProjecteFinal/gocatch/vendor/laravel/framework/src/Illuminate/Log/LogManager.php(265): Illuminate\\Log\\LogManager->channel()
#4 [internal function]: Illuminate\\Log\\LogManager->Illuminate\\Log\\{closure}()
#5 /home/hearca/ProjecteFinal/gocatch/vendor/laravel/framework/src/Illuminate/Collections/Arr.php(560): array_map()
#6 /home/hearca/ProjecteFinal/gocatch/vendor/laravel/framework/src/Illuminate/Collections/Collection.php(768): Illuminate\\Support\\Arr::map()
#7 /home/hearca/ProjecteFinal/gocatch/vendor/laravel/framework/src/Illuminate/Collections/Traits/EnumeratesValues.php(368): Illuminate\\Support\\Collection->map()
#8 /home/hearca/ProjecteFinal/gocatch/vendor/laravel/framework/src/Illuminate/Log/LogManager.php(266): Illuminate\\Support\\Collection->flatMap()
#9 /home/hearca/ProjecteFinal/gocatch/vendor/laravel/framework/src/Illuminate/Log/LogManager.php(220): Illuminate\\Log\\LogManager->createStackDriver()
#10 /home/hearca/ProjecteFinal/gocatch/vendor/laravel/framework/src/Illuminate/Log/LogManager.php(135): Illuminate\\Log\\LogManager->resolve()
#11 /home/hearca/ProjecteFinal/gocatch/vendor/laravel/framework/src/Illuminate/Log/LogManager.php(122): Illuminate\\Log\\LogManager->get()
#12 /home/hearca/ProjecteFinal/gocatch/vendor/laravel/framework/src/Illuminate/Log/LogManager.php(686): Illuminate\\Log\\LogManager->driver()
#13 /home/hearca/ProjecteFinal/gocatch/vendor/laravel/framework/src/Illuminate/Support/Facades/Facade.php(338): Illuminate\\Log\\LogManager->info()
#14 /home/hearca/ProjecteFinal/gocatch/routes/web.php(17): Illuminate\\Support\\Facades\\Facade::__callStatic()
#15 /home/hearca/ProjecteFinal/gocatch/vendor/laravel/framework/src/Illuminate/Routing/CallableDispatcher.php(40): Illuminate\\Routing\\RouteFileRegistrar->{closure}()
#16 /home/hearca/ProjecteFinal/gocatch/vendor/laravel/framework/src/Illuminate/Routing/Route.php(237): Illuminate\\Routing\\CallableDispatcher->dispatch()
#17 /home/hearca/ProjecteFinal/gocatch/vendor/laravel/framework/src/Illuminate/Routing/Route.php(208): Illuminate\\Routing\\Route->runCallable()
#18 /home/hearca/ProjecteFinal/gocatch/vendor/laravel/framework/src/Illuminate/Routing/Router.php(798): Illuminate\\Routing\\Route->run()
#19 /home/hearca/ProjecteFinal/gocatch/vendor/laravel/framework/src/Illuminate/Pipeline/Pipeline.php(141): Illuminate\\Routing\\Router->Illuminate\\Routing\\{closure}()
#20 /home/hearca/ProjecteFinal/gocatch/vendor/laravel/framework/src/Illuminate/Routing/Middleware/SubstituteBindings.php(50): Illuminate\\Pipeline\\Pipeline->Illuminate\\Pipeline\\{closure}()
#21 /home/hearca/ProjecteFinal/gocatch/vendor/laravel/framework/src/Illuminate/Pipeline/Pipeline.php(180): Illuminate\\Routing\\Middleware\\SubstituteBindings->handle()
#22 /home/hearca/ProjecteFinal/gocatch/vendor/laravel/framework/src/Illuminate/Foundation/Http/Middleware/VerifyCsrfToken.php(78): Illuminate\\Pipeline\\Pipeline->Illuminate\\Pipeline\\{closure}()
#23 /home/hearca/ProjecteFinal/gocatch/vendor/laravel/framework/src/Illuminate/Pipeline/Pipeline.php(180): Illuminate\\Foundation\\Http\\Middleware\\VerifyCsrfToken->handle()
#24 /home/hearca/ProjecteFinal/gocatch/vendor/laravel/framework/src/Illuminate/View/Middleware/ShareErrorsFromSession.php(49): Illuminate\\Pipeline\\Pipeline->Illuminate\\Pipeline\\{closure}()
#25 /home/hearca/ProjecteFinal/gocatch/vendor/laravel/framework/src/Illuminate/Pipeline/Pipeline.php(180): Illuminate\\View\\Middleware\\ShareErrorsFromSession->handle()
#26 /home/hearca/ProjecteFinal/gocatch/vendor/laravel/framework/src/Illuminate/Session/Middleware/StartSession.php(121): Illuminate\\Pipeline\\Pipeline->Illuminate\\Pipeline\\{closure}()
#27 /home/hearca/ProjecteFinal/gocatch/vendor/laravel/framework/src/Illuminate/Session/Middleware/StartSession.php(64): Illuminate\\Session\\Middleware\\StartSession->handleStatefulRequest()
#28 /home/hearca/ProjecteFinal/gocatch/vendor/laravel/framework/src/Illuminate/Pipeline/Pipeline.php(180): Illuminate\\Session\\Middleware\\StartSession->handle()
#29 /home/hearca/ProjecteFinal/gocatch/vendor/laravel/framework/src/Illuminate/Cookie/Middleware/AddQueuedCookiesToResponse.php(37): Illuminate\\Pipeline\\Pipeline->Illuminate\\Pipeline\\{closure}()
#30 /home/hearca/ProjecteFinal/gocatch/vendor/laravel/framework/src/Illuminate/Pipeline/Pipeline.php(180): Illuminate\\Cookie\\Middleware\\AddQueuedCookiesToResponse->handle()
#31 /home/hearca/ProjecteFinal/gocatch/vendor/laravel/framework/src/Illuminate/Cookie/Middleware/EncryptCookies.php(67): Illuminate\\Pipeline\\Pipeline->Illuminate\\Pipeline\\{closure}()
#32 /home/hearca/ProjecteFinal/gocatch/vendor/laravel/framework/src/Illuminate/Pipeline/Pipeline.php(180): Illuminate\\Cookie\\Middleware\\EncryptCookies->handle()
#33 /home/hearca/ProjecteFinal/gocatch/vendor/laravel/framework/src/Illuminate/Pipeline/Pipeline.php(116): Illuminate\\Pipeline\\Pipeline->Illuminate\\Pipeline\\{closure}()
#34 /home/hearca/ProjecteFinal/gocatch/vendor/laravel/framework/src/Illuminate/Routing/Router.php(799): Illuminate\\Pipeline\\Pipeline->then()
#35 /home/hearca/ProjecteFinal/gocatch/vendor/laravel/framework/src/Illuminate/Routing/Router.php(776): Illuminate\\Routing\\Router->runRouteWithinStack()
#36 /home/hearca/ProjecteFinal/gocatch/vendor/laravel/framework/src/Illuminate/Routing/Router.php(740): Illuminate\\Routing\\Router->runRoute()
#37 /home/hearca/ProjecteFinal/gocatch/vendor/laravel/framework/src/Illuminate/Routing/Router.php(729): Illuminate\\Routing\\Router->dispatchToRoute()
#38 /home/hearca/ProjecteFinal/gocatch/vendor/laravel/framework/src/Illuminate/Foundation/Http/Kernel.php(190): Illuminate\\Routing\\Router->dispatch()
#39 /home/hearca/ProjecteFinal/gocatch/vendor/laravel/framework/src/Illuminate/Pipeline/Pipeline.php(141): Illuminate\\Foundation\\Http\\Kernel->Illuminate\\Foundation\\Http\\{closure}()
#40 /home/hearca/ProjecteFinal/gocatch/vendor/laravel/framework/src/Illuminate/Foundation/Http/Middleware/TransformsRequest.php(21): Illuminate\\Pipeline\\Pipeline->Illuminate\\Pipeline\\{closure}()
#41 /home/hearca/ProjecteFinal/gocatch/vendor/laravel/framework/src/Illuminate/Foundation/Http/Middleware/ConvertEmptyStringsToNull.php(31): Illuminate\\Foundation\\Http\\Middleware\\TransformsRequest->handle()
#42 /home/hearca/ProjecteFinal/gocatch/vendor/laravel/framework/src/Illuminate/Pipeline/Pipeline.php(180): Illuminate\\Foundation\\Http\\Middleware\\ConvertEmptyStringsToNull->handle()
#43 /home/hearca/ProjecteFinal/gocatch/vendor/laravel/framework/src/Illuminate/Foundation/Http/Middleware/TransformsRequest.php(21): Illuminate\\Pipeline\\Pipeline->Illuminate\\Pipeline\\{closure}()
#44 /home/hearca/ProjecteFinal/gocatch/vendor/laravel/framework/src/Illuminate/Foundation/Http/Middleware/TrimStrings.php(40): Illuminate\\Foundation\\Http\\Middleware\\TransformsRequest->handle()
#45 /home/hearca/ProjecteFinal/gocatch/vendor/laravel/framework/src/Illuminate/Pipeline/Pipeline.php(180): Illuminate\\Foundation\\Http\\Middleware\\TrimStrings->handle()
#46 /home/hearca/ProjecteFinal/gocatch/vendor/laravel/framework/src/Illuminate/Foundation/Http/Middleware/ValidatePostSize.php(27): Illuminate\\Pipeline\\Pipeline->Illuminate\\Pipeline\\{closure}()
#47 /home/hearca/ProjecteFinal/gocatch/vendor/laravel/framework/src/Illuminate/Pipeline/Pipeline.php(180): Illuminate\\Foundation\\Http\\Middleware\\ValidatePostSize->handle()
#48 /home/hearca/ProjecteFinal/gocatch/vendor/laravel/framework/src/Illuminate/Foundation/Http/Middleware/PreventRequestsDuringMaintenance.php(86): Illuminate\\Pipeline\\Pipeline->Illuminate\\Pipeline\\{closure}()
#49 /home/hearca/ProjecteFinal/gocatch/vendor/laravel/framework/src/Illuminate/Pipeline/Pipeline.php(180): Illuminate\\Foundation\\Http\\Middleware\\PreventRequestsDuringMaintenance->handle()
#50 /home/hearca/ProjecteFinal/gocatch/vendor/laravel/framework/src/Illuminate/Http/Middleware/HandleCors.php(49): Illuminate\\Pipeline\\Pipeline->Illuminate\\Pipeline\\{closure}()
#51 /home/hearca/ProjecteFinal/gocatch/vendor/laravel/framework/src/Illuminate/Pipeline/Pipeline.php(180): Illuminate\\Http\\Middleware\\HandleCors->handle()
#52 /home/hearca/ProjecteFinal/gocatch/vendor/laravel/framework/src/Illuminate/Http/Middleware/TrustProxies.php(39): Illuminate\\Pipeline\\Pipeline->Illuminate\\Pipeline\\{closure}()
#53 /home/hearca/ProjecteFinal/gocatch/vendor/laravel/framework/src/Illuminate/Pipeline/Pipeline.php(180): Illuminate\\Http\\Middleware\\TrustProxies->handle()
#54 /home/hearca/ProjecteFinal/gocatch/vendor/laravel/framework/src/Illuminate/Pipeline/Pipeline.php(116): Illuminate\\Pipeline\\Pipeline->Illuminate\\Pipeline\\{closure}()
#55 /home/hearca/ProjecteFinal/gocatch/vendor/laravel/framework/src/Illuminate/Foundation/Http/Kernel.php(165): Illuminate\\Pipeline\\Pipeline->then()
#56 /home/hearca/ProjecteFinal/gocatch/vendor/laravel/framework/src/Illuminate/Foundation/Http/Kernel.php(134): Illuminate\\Foundation\\Http\\Kernel->sendRequestThroughRouter()
#57 /home/hearca/ProjecteFinal/gocatch/public/index.php(52): Illuminate\\Foundation\\Http\\Kernel->handle()
#58 /home/hearca/ProjecteFinal/gocatch/vendor/laravel/framework/src/Illuminate/Foundation/resources/server.php(16): require_once('...')
#59 {main}
"} 
[2023-04-27 13:13:25] laravel.EMERGENCY: Unable to create configured logger. Using emergency logger. {"exception":"[object] (InvalidArgumentException(code: 0): Log [file] is not defined. at /home/hearca/ProjecteFinal/gocatch/vendor/laravel/framework/src/Illuminate/Log/LogManager.php:210)
[stacktrace]
#0 /home/hearca/ProjecteFinal/gocatch/vendor/laravel/framework/src/Illuminate/Log/LogManager.php(135): Illuminate\\Log\\LogManager->resolve()
#1 /home/hearca/ProjecteFinal/gocatch/vendor/laravel/framework/src/Illuminate/Log/LogManager.php(122): Illuminate\\Log\\LogManager->get()
#2 /home/hearca/ProjecteFinal/gocatch/vendor/laravel/framework/src/Illuminate/Log/LogManager.php(111): Illuminate\\Log\\LogManager->driver()
#3 /home/hearca/ProjecteFinal/gocatch/vendor/laravel/framework/src/Illuminate/Log/LogManager.php(271): Illuminate\\Log\\LogManager->channel()
#4 [internal function]: Illuminate\\Log\\LogManager->Illuminate\\Log\\{closure}()
#5 /home/hearca/ProjecteFinal/gocatch/vendor/laravel/framework/src/Illuminate/Collections/Arr.php(560): array_map()
#6 /home/hearca/ProjecteFinal/gocatch/vendor/laravel/framework/src/Illuminate/Collections/Collection.php(768): Illuminate\\Support\\Arr::map()
#7 /home/hearca/ProjecteFinal/gocatch/vendor/laravel/framework/src/Illuminate/Collections/Traits/EnumeratesValues.php(368): Illuminate\\Support\\Collection->map()
#8 /home/hearca/ProjecteFinal/gocatch/vendor/laravel/framework/src/Illuminate/Log/LogManager.php(272): Illuminate\\Support\\Collection->flatMap()
#9 /home/hearca/ProjecteFinal/gocatch/vendor/laravel/framework/src/Illuminate/Log/LogManager.php(220): Illuminate\\Log\\LogManager->createStackDriver()
#10 /home/hearca/ProjecteFinal/gocatch/vendor/laravel/framework/src/Illuminate/Log/LogManager.php(135): Illuminate\\Log\\LogManager->resolve()
#11 /home/hearca/ProjecteFinal/gocatch/vendor/laravel/framework/src/Illuminate/Log/LogManager.php(122): Illuminate\\Log\\LogManager->get()
#12 /home/hearca/ProjecteFinal/gocatch/vendor/laravel/framework/src/Illuminate/Log/LogManager.php(686): Illuminate\\Log\\LogManager->driver()
#13 /home/hearca/ProjecteFinal/gocatch/vendor/laravel/framework/src/Illuminate/Support/Facades/Facade.php(338): Illuminate\\Log\\LogManager->info()
#14 /home/hearca/ProjecteFinal/gocatch/routes/web.php(17): Illuminate\\Support\\Facades\\Facade::__callStatic()
#15 /home/hearca/ProjecteFinal/gocatch/vendor/laravel/framework/src/Illuminate/Routing/CallableDispatcher.php(40): Illuminate\\Routing\\RouteFileRegistrar->{closure}()
#16 /home/hearca/ProjecteFinal/gocatch/vendor/laravel/framework/src/Illuminate/Routing/Route.php(237): Illuminate\\Routing\\CallableDispatcher->dispatch()
#17 /home/hearca/ProjecteFinal/gocatch/vendor/laravel/framework/src/Illuminate/Routing/Route.php(208): Illuminate\\Routing\\Route->runCallable()
#18 /home/hearca/ProjecteFinal/gocatch/vendor/laravel/framework/src/Illuminate/Routing/Router.php(798): Illuminate\\Routing\\Route->run()
#19 /home/hearca/ProjecteFinal/gocatch/vendor/laravel/framework/src/Illuminate/Pipeline/Pipeline.php(141): Illuminate\\Routing\\Router->Illuminate\\Routing\\{closure}()
#20 /home/hearca/ProjecteFinal/gocatch/vendor/laravel/framework/src/Illuminate/Routing/Middleware/SubstituteBindings.php(50): Illuminate\\Pipeline\\Pipeline->Illuminate\\Pipeline\\{closure}()
#21 /home/hearca/ProjecteFinal/gocatch/vendor/laravel/framework/src/Illuminate/Pipeline/Pipeline.php(180): Illuminate\\Routing\\Middleware\\SubstituteBindings->handle()
#22 /home/hearca/ProjecteFinal/gocatch/vendor/laravel/framework/src/Illuminate/Foundation/Http/Middleware/VerifyCsrfToken.php(78): Illuminate\\Pipeline\\Pipeline->Illuminate\\Pipeline\\{closure}()
#23 /home/hearca/ProjecteFinal/gocatch/vendor/laravel/framework/src/Illuminate/Pipeline/Pipeline.php(180): Illuminate\\Foundation\\Http\\Middleware\\VerifyCsrfToken->handle()
#24 /home/hearca/ProjecteFinal/gocatch/vendor/laravel/framework/src/Illuminate/View/Middleware/ShareErrorsFromSession.php(49): Illuminate\\Pipeline\\Pipeline->Illuminate\\Pipeline\\{closure}()
#25 /home/hearca/ProjecteFinal/gocatch/vendor/laravel/framework/src/Illuminate/Pipeline/Pipeline.php(180): Illuminate\\View\\Middleware\\ShareErrorsFromSession->handle()
#26 /home/hearca/ProjecteFinal/gocatch/vendor/laravel/framework/src/Illuminate/Session/Middleware/StartSession.php(121): Illuminate\\Pipeline\\Pipeline->Illuminate\\Pipeline\\{closure}()
#27 /home/hearca/ProjecteFinal/gocatch/vendor/laravel/framework/src/Illuminate/Session/Middleware/StartSession.php(64): Illuminate\\Session\\Middleware\\StartSession->handleStatefulRequest()
#28 /home/hearca/ProjecteFinal/gocatch/vendor/laravel/framework/src/Illuminate/Pipeline/Pipeline.php(180): Illuminate\\Session\\Middleware\\StartSession->handle()
#29 /home/hearca/ProjecteFinal/gocatch/vendor/laravel/framework/src/Illuminate/Cookie/Middleware/AddQueuedCookiesToResponse.php(37): Illuminate\\Pipeline\\Pipeline->Illuminate\\Pipeline\\{closure}()
#30 /home/hearca/ProjecteFinal/gocatch/vendor/laravel/framework/src/Illuminate/Pipeline/Pipeline.php(180): Illuminate\\Cookie\\Middleware\\AddQueuedCookiesToResponse->handle()
#31 /home/hearca/ProjecteFinal/gocatch/vendor/laravel/framework/src/Illuminate/Cookie/Middleware/EncryptCookies.php(67): Illuminate\\Pipeline\\Pipeline->Illuminate\\Pipeline\\{closure}()
#32 /home/hearca/ProjecteFinal/gocatch/vendor/laravel/framework/src/Illuminate/Pipeline/Pipeline.php(180): Illuminate\\Cookie\\Middleware\\EncryptCookies->handle()
#33 /home/hearca/ProjecteFinal/gocatch/vendor/laravel/framework/src/Illuminate/Pipeline/Pipeline.php(116): Illuminate\\Pipeline\\Pipeline->Illuminate\\Pipeline\\{closure}()
#34 /home/hearca/ProjecteFinal/gocatch/vendor/laravel/framework/src/Illuminate/Routing/Router.php(799): Illuminate\\Pipeline\\Pipeline->then()
#35 /home/hearca/ProjecteFinal/gocatch/vendor/laravel/framework/src/Illuminate/Routing/Router.php(776): Illuminate\\Routing\\Router->runRouteWithinStack()
#36 /home/hearca/ProjecteFinal/gocatch/vendor/laravel/framework/src/Illuminate/Routing/Router.php(740): Illuminate\\Routing\\Router->runRoute()
#37 /home/hearca/ProjecteFinal/gocatch/vendor/laravel/framework/src/Illuminate/Routing/Router.php(729): Illuminate\\Routing\\Router->dispatchToRoute()
#38 /home/hearca/ProjecteFinal/gocatch/vendor/laravel/framework/src/Illuminate/Foundation/Http/Kernel.php(190): Illuminate\\Routing\\Router->dispatch()
#39 /home/hearca/ProjecteFinal/gocatch/vendor/laravel/framework/src/Illuminate/Pipeline/Pipeline.php(141): Illuminate\\Foundation\\Http\\Kernel->Illuminate\\Foundation\\Http\\{closure}()
#40 /home/hearca/ProjecteFinal/gocatch/vendor/laravel/framework/src/Illuminate/Foundation/Http/Middleware/TransformsRequest.php(21): Illuminate\\Pipeline\\Pipeline->Illuminate\\Pipeline\\{closure}()
#41 /home/hearca/ProjecteFinal/gocatch/vendor/laravel/framework/src/Illuminate/Foundation/Http/Middleware/ConvertEmptyStringsToNull.php(31): Illuminate\\Foundation\\Http\\Middleware\\TransformsRequest->handle()
#42 /home/hearca/ProjecteFinal/gocatch/vendor/laravel/framework/src/Illuminate/Pipeline/Pipeline.php(180): Illuminate\\Foundation\\Http\\Middleware\\ConvertEmptyStringsToNull->handle()
#43 /home/hearca/ProjecteFinal/gocatch/vendor/laravel/framework/src/Illuminate/Foundation/Http/Middleware/TransformsRequest.php(21): Illuminate\\Pipeline\\Pipeline->Illuminate\\Pipeline\\{closure}()
#44 /home/hearca/ProjecteFinal/gocatch/vendor/laravel/framework/src/Illuminate/Foundation/Http/Middleware/TrimStrings.php(40): Illuminate\\Foundation\\Http\\Middleware\\TransformsRequest->handle()
#45 /home/hearca/ProjecteFinal/gocatch/vendor/laravel/framework/src/Illuminate/Pipeline/Pipeline.php(180): Illuminate\\Foundation\\Http\\Middleware\\TrimStrings->handle()
#46 /home/hearca/ProjecteFinal/gocatch/vendor/laravel/framework/src/Illuminate/Foundation/Http/Middleware/ValidatePostSize.php(27): Illuminate\\Pipeline\\Pipeline->Illuminate\\Pipeline\\{closure}()
#47 /home/hearca/ProjecteFinal/gocatch/vendor/laravel/framework/src/Illuminate/Pipeline/Pipeline.php(180): Illuminate\\Foundation\\Http\\Middleware\\ValidatePostSize->handle()
#48 /home/hearca/ProjecteFinal/gocatch/vendor/laravel/framework/src/Illuminate/Foundation/Http/Middleware/PreventRequestsDuringMaintenance.php(86): Illuminate\\Pipeline\\Pipeline->Illuminate\\Pipeline\\{closure}()
#49 /home/hearca/ProjecteFinal/gocatch/vendor/laravel/framework/src/Illuminate/Pipeline/Pipeline.php(180): Illuminate\\Foundation\\Http\\Middleware\\PreventRequestsDuringMaintenance->handle()
#50 /home/hearca/ProjecteFinal/gocatch/vendor/laravel/framework/src/Illuminate/Http/Middleware/HandleCors.php(49): Illuminate\\Pipeline\\Pipeline->Illuminate\\Pipeline\\{closure}()
#51 /home/hearca/ProjecteFinal/gocatch/vendor/laravel/framework/src/Illuminate/Pipeline/Pipeline.php(180): Illuminate\\Http\\Middleware\\HandleCors->handle()
#52 /home/hearca/ProjecteFinal/gocatch/vendor/laravel/framework/src/Illuminate/Http/Middleware/TrustProxies.php(39): Illuminate\\Pipeline\\Pipeline->Illuminate\\Pipeline\\{closure}()
#53 /home/hearca/ProjecteFinal/gocatch/vendor/laravel/framework/src/Illuminate/Pipeline/Pipeline.php(180): Illuminate\\Http\\Middleware\\TrustProxies->handle()
#54 /home/hearca/ProjecteFinal/gocatch/vendor/laravel/framework/src/Illuminate/Pipeline/Pipeline.php(116): Illuminate\\Pipeline\\Pipeline->Illuminate\\Pipeline\\{closure}()
#55 /home/hearca/ProjecteFinal/gocatch/vendor/laravel/framework/src/Illuminate/Foundation/Http/Kernel.php(165): Illuminate\\Pipeline\\Pipeline->then()
#56 /home/hearca/ProjecteFinal/gocatch/vendor/laravel/framework/src/Illuminate/Foundation/Http/Kernel.php(134): Illuminate\\Foundation\\Http\\Kernel->sendRequestThroughRouter()
#57 /home/hearca/ProjecteFinal/gocatch/public/index.php(52): Illuminate\\Foundation\\Http\\Kernel->handle()
#58 /home/hearca/ProjecteFinal/gocatch/vendor/laravel/framework/src/Illuminate/Foundation/resources/server.php(16): require_once('...')
#59 {main}
"} 
[2023-04-27 13:13:25] local.INFO: Loading welcome page  
[2023-04-27 13:46:31] laravel.EMERGENCY: Unable to create configured logger. Using emergency logger. {"exception":"[object] (InvalidArgumentException(code: 0): Log [file] is not defined. at /home/hearca/ProjecteFinal/gocatch/vendor/laravel/framework/src/Illuminate/Log/LogManager.php:210)
[stacktrace]
#0 /home/hearca/ProjecteFinal/gocatch/vendor/laravel/framework/src/Illuminate/Log/LogManager.php(135): Illuminate\\Log\\LogManager->resolve()
#1 /home/hearca/ProjecteFinal/gocatch/vendor/laravel/framework/src/Illuminate/Log/LogManager.php(122): Illuminate\\Log\\LogManager->get()
#2 /home/hearca/ProjecteFinal/gocatch/vendor/laravel/framework/src/Illuminate/Log/LogManager.php(111): Illuminate\\Log\\LogManager->driver()
#3 /home/hearca/ProjecteFinal/gocatch/vendor/laravel/framework/src/Illuminate/Log/LogManager.php(265): Illuminate\\Log\\LogManager->channel()
#4 [internal function]: Illuminate\\Log\\LogManager->Illuminate\\Log\\{closure}()
#5 /home/hearca/ProjecteFinal/gocatch/vendor/laravel/framework/src/Illuminate/Collections/Arr.php(560): array_map()
#6 /home/hearca/ProjecteFinal/gocatch/vendor/laravel/framework/src/Illuminate/Collections/Collection.php(768): Illuminate\\Support\\Arr::map()
#7 /home/hearca/ProjecteFinal/gocatch/vendor/laravel/framework/src/Illuminate/Collections/Traits/EnumeratesValues.php(368): Illuminate\\Support\\Collection->map()
#8 /home/hearca/ProjecteFinal/gocatch/vendor/laravel/framework/src/Illuminate/Log/LogManager.php(266): Illuminate\\Support\\Collection->flatMap()
#9 /home/hearca/ProjecteFinal/gocatch/vendor/laravel/framework/src/Illuminate/Log/LogManager.php(220): Illuminate\\Log\\LogManager->createStackDriver()
#10 /home/hearca/ProjecteFinal/gocatch/vendor/laravel/framework/src/Illuminate/Log/LogManager.php(135): Illuminate\\Log\\LogManager->resolve()
#11 /home/hearca/ProjecteFinal/gocatch/vendor/laravel/framework/src/Illuminate/Log/LogManager.php(122): Illuminate\\Log\\LogManager->get()
#12 /home/hearca/ProjecteFinal/gocatch/vendor/laravel/framework/src/Illuminate/Log/LogManager.php(686): Illuminate\\Log\\LogManager->driver()
#13 /home/hearca/ProjecteFinal/gocatch/vendor/laravel/framework/src/Illuminate/Support/Facades/Facade.php(338): Illuminate\\Log\\LogManager->info()
#14 /home/hearca/ProjecteFinal/gocatch/routes/web.php(17): Illuminate\\Support\\Facades\\Facade::__callStatic()
#15 /home/hearca/ProjecteFinal/gocatch/vendor/laravel/framework/src/Illuminate/Routing/CallableDispatcher.php(40): Illuminate\\Routing\\RouteFileRegistrar->{closure}()
#16 /home/hearca/ProjecteFinal/gocatch/vendor/laravel/framework/src/Illuminate/Routing/Route.php(237): Illuminate\\Routing\\CallableDispatcher->dispatch()
#17 /home/hearca/ProjecteFinal/gocatch/vendor/laravel/framework/src/Illuminate/Routing/Route.php(208): Illuminate\\Routing\\Route->runCallable()
#18 /home/hearca/ProjecteFinal/gocatch/vendor/laravel/framework/src/Illuminate/Routing/Router.php(798): Illuminate\\Routing\\Route->run()
#19 /home/hearca/ProjecteFinal/gocatch/vendor/laravel/framework/src/Illuminate/Pipeline/Pipeline.php(141): Illuminate\\Routing\\Router->Illuminate\\Routing\\{closure}()
#20 /home/hearca/ProjecteFinal/gocatch/vendor/laravel/framework/src/Illuminate/Routing/Middleware/SubstituteBindings.php(50): Illuminate\\Pipeline\\Pipeline->Illuminate\\Pipeline\\{closure}()
#21 /home/hearca/ProjecteFinal/gocatch/vendor/laravel/framework/src/Illuminate/Pipeline/Pipeline.php(180): Illuminate\\Routing\\Middleware\\SubstituteBindings->handle()
#22 /home/hearca/ProjecteFinal/gocatch/vendor/laravel/framework/src/Illuminate/Foundation/Http/Middleware/VerifyCsrfToken.php(78): Illuminate\\Pipeline\\Pipeline->Illuminate\\Pipeline\\{closure}()
#23 /home/hearca/ProjecteFinal/gocatch/vendor/laravel/framework/src/Illuminate/Pipeline/Pipeline.php(180): Illuminate\\Foundation\\Http\\Middleware\\VerifyCsrfToken->handle()
#24 /home/hearca/ProjecteFinal/gocatch/vendor/laravel/framework/src/Illuminate/View/Middleware/ShareErrorsFromSession.php(49): Illuminate\\Pipeline\\Pipeline->Illuminate\\Pipeline\\{closure}()
#25 /home/hearca/ProjecteFinal/gocatch/vendor/laravel/framework/src/Illuminate/Pipeline/Pipeline.php(180): Illuminate\\View\\Middleware\\ShareErrorsFromSession->handle()
#26 /home/hearca/ProjecteFinal/gocatch/vendor/laravel/framework/src/Illuminate/Session/Middleware/StartSession.php(121): Illuminate\\Pipeline\\Pipeline->Illuminate\\Pipeline\\{closure}()
#27 /home/hearca/ProjecteFinal/gocatch/vendor/laravel/framework/src/Illuminate/Session/Middleware/StartSession.php(64): Illuminate\\Session\\Middleware\\StartSession->handleStatefulRequest()
#28 /home/hearca/ProjecteFinal/gocatch/vendor/laravel/framework/src/Illuminate/Pipeline/Pipeline.php(180): Illuminate\\Session\\Middleware\\StartSession->handle()
#29 /home/hearca/ProjecteFinal/gocatch/vendor/laravel/framework/src/Illuminate/Cookie/Middleware/AddQueuedCookiesToResponse.php(37): Illuminate\\Pipeline\\Pipeline->Illuminate\\Pipeline\\{closure}()
#30 /home/hearca/ProjecteFinal/gocatch/vendor/laravel/framework/src/Illuminate/Pipeline/Pipeline.php(180): Illuminate\\Cookie\\Middleware\\AddQueuedCookiesToResponse->handle()
#31 /home/hearca/ProjecteFinal/gocatch/vendor/laravel/framework/src/Illuminate/Cookie/Middleware/EncryptCookies.php(67): Illuminate\\Pipeline\\Pipeline->Illuminate\\Pipeline\\{closure}()
#32 /home/hearca/ProjecteFinal/gocatch/vendor/laravel/framework/src/Illuminate/Pipeline/Pipeline.php(180): Illuminate\\Cookie\\Middleware\\EncryptCookies->handle()
#33 /home/hearca/ProjecteFinal/gocatch/vendor/laravel/framework/src/Illuminate/Pipeline/Pipeline.php(116): Illuminate\\Pipeline\\Pipeline->Illuminate\\Pipeline\\{closure}()
#34 /home/hearca/ProjecteFinal/gocatch/vendor/laravel/framework/src/Illuminate/Routing/Router.php(799): Illuminate\\Pipeline\\Pipeline->then()
#35 /home/hearca/ProjecteFinal/gocatch/vendor/laravel/framework/src/Illuminate/Routing/Router.php(776): Illuminate\\Routing\\Router->runRouteWithinStack()
#36 /home/hearca/ProjecteFinal/gocatch/vendor/laravel/framework/src/Illuminate/Routing/Router.php(740): Illuminate\\Routing\\Router->runRoute()
#37 /home/hearca/ProjecteFinal/gocatch/vendor/laravel/framework/src/Illuminate/Routing/Router.php(729): Illuminate\\Routing\\Router->dispatchToRoute()
#38 /home/hearca/ProjecteFinal/gocatch/vendor/laravel/framework/src/Illuminate/Foundation/Http/Kernel.php(190): Illuminate\\Routing\\Router->dispatch()
#39 /home/hearca/ProjecteFinal/gocatch/vendor/laravel/framework/src/Illuminate/Pipeline/Pipeline.php(141): Illuminate\\Foundation\\Http\\Kernel->Illuminate\\Foundation\\Http\\{closure}()
#40 /home/hearca/ProjecteFinal/gocatch/vendor/laravel/framework/src/Illuminate/Foundation/Http/Middleware/TransformsRequest.php(21): Illuminate\\Pipeline\\Pipeline->Illuminate\\Pipeline\\{closure}()
#41 /home/hearca/ProjecteFinal/gocatch/vendor/laravel/framework/src/Illuminate/Foundation/Http/Middleware/ConvertEmptyStringsToNull.php(31): Illuminate\\Foundation\\Http\\Middleware\\TransformsRequest->handle()
#42 /home/hearca/ProjecteFinal/gocatch/vendor/laravel/framework/src/Illuminate/Pipeline/Pipeline.php(180): Illuminate\\Foundation\\Http\\Middleware\\ConvertEmptyStringsToNull->handle()
#43 /home/hearca/ProjecteFinal/gocatch/vendor/laravel/framework/src/Illuminate/Foundation/Http/Middleware/TransformsRequest.php(21): Illuminate\\Pipeline\\Pipeline->Illuminate\\Pipeline\\{closure}()
#44 /home/hearca/ProjecteFinal/gocatch/vendor/laravel/framework/src/Illuminate/Foundation/Http/Middleware/TrimStrings.php(40): Illuminate\\Foundation\\Http\\Middleware\\TransformsRequest->handle()
#45 /home/hearca/ProjecteFinal/gocatch/vendor/laravel/framework/src/Illuminate/Pipeline/Pipeline.php(180): Illuminate\\Foundation\\Http\\Middleware\\TrimStrings->handle()
#46 /home/hearca/ProjecteFinal/gocatch/vendor/laravel/framework/src/Illuminate/Foundation/Http/Middleware/ValidatePostSize.php(27): Illuminate\\Pipeline\\Pipeline->Illuminate\\Pipeline\\{closure}()
#47 /home/hearca/ProjecteFinal/gocatch/vendor/laravel/framework/src/Illuminate/Pipeline/Pipeline.php(180): Illuminate\\Foundation\\Http\\Middleware\\ValidatePostSize->handle()
#48 /home/hearca/ProjecteFinal/gocatch/vendor/laravel/framework/src/Illuminate/Foundation/Http/Middleware/PreventRequestsDuringMaintenance.php(86): Illuminate\\Pipeline\\Pipeline->Illuminate\\Pipeline\\{closure}()
#49 /home/hearca/ProjecteFinal/gocatch/vendor/laravel/framework/src/Illuminate/Pipeline/Pipeline.php(180): Illuminate\\Foundation\\Http\\Middleware\\PreventRequestsDuringMaintenance->handle()
#50 /home/hearca/ProjecteFinal/gocatch/vendor/laravel/framework/src/Illuminate/Http/Middleware/HandleCors.php(49): Illuminate\\Pipeline\\Pipeline->Illuminate\\Pipeline\\{closure}()
#51 /home/hearca/ProjecteFinal/gocatch/vendor/laravel/framework/src/Illuminate/Pipeline/Pipeline.php(180): Illuminate\\Http\\Middleware\\HandleCors->handle()
#52 /home/hearca/ProjecteFinal/gocatch/vendor/laravel/framework/src/Illuminate/Http/Middleware/TrustProxies.php(39): Illuminate\\Pipeline\\Pipeline->Illuminate\\Pipeline\\{closure}()
#53 /home/hearca/ProjecteFinal/gocatch/vendor/laravel/framework/src/Illuminate/Pipeline/Pipeline.php(180): Illuminate\\Http\\Middleware\\TrustProxies->handle()
#54 /home/hearca/ProjecteFinal/gocatch/vendor/laravel/framework/src/Illuminate/Pipeline/Pipeline.php(116): Illuminate\\Pipeline\\Pipeline->Illuminate\\Pipeline\\{closure}()
#55 /home/hearca/ProjecteFinal/gocatch/vendor/laravel/framework/src/Illuminate/Foundation/Http/Kernel.php(165): Illuminate\\Pipeline\\Pipeline->then()
#56 /home/hearca/ProjecteFinal/gocatch/vendor/laravel/framework/src/Illuminate/Foundation/Http/Kernel.php(134): Illuminate\\Foundation\\Http\\Kernel->sendRequestThroughRouter()
#57 /home/hearca/ProjecteFinal/gocatch/public/index.php(52): Illuminate\\Foundation\\Http\\Kernel->handle()
#58 /home/hearca/ProjecteFinal/gocatch/vendor/laravel/framework/src/Illuminate/Foundation/resources/server.php(16): require_once('...')
#59 {main}
"} 
[2023-04-27 13:46:31] laravel.EMERGENCY: Unable to create configured logger. Using emergency logger. {"exception":"[object] (InvalidArgumentException(code: 0): Log [file] is not defined. at /home/hearca/ProjecteFinal/gocatch/vendor/laravel/framework/src/Illuminate/Log/LogManager.php:210)
[stacktrace]
#0 /home/hearca/ProjecteFinal/gocatch/vendor/laravel/framework/src/Illuminate/Log/LogManager.php(135): Illuminate\\Log\\LogManager->resolve()
#1 /home/hearca/ProjecteFinal/gocatch/vendor/laravel/framework/src/Illuminate/Log/LogManager.php(122): Illuminate\\Log\\LogManager->get()
#2 /home/hearca/ProjecteFinal/gocatch/vendor/laravel/framework/src/Illuminate/Log/LogManager.php(111): Illuminate\\Log\\LogManager->driver()
#3 /home/hearca/ProjecteFinal/gocatch/vendor/laravel/framework/src/Illuminate/Log/LogManager.php(271): Illuminate\\Log\\LogManager->channel()
#4 [internal function]: Illuminate\\Log\\LogManager->Illuminate\\Log\\{closure}()
#5 /home/hearca/ProjecteFinal/gocatch/vendor/laravel/framework/src/Illuminate/Collections/Arr.php(560): array_map()
#6 /home/hearca/ProjecteFinal/gocatch/vendor/laravel/framework/src/Illuminate/Collections/Collection.php(768): Illuminate\\Support\\Arr::map()
#7 /home/hearca/ProjecteFinal/gocatch/vendor/laravel/framework/src/Illuminate/Collections/Traits/EnumeratesValues.php(368): Illuminate\\Support\\Collection->map()
#8 /home/hearca/ProjecteFinal/gocatch/vendor/laravel/framework/src/Illuminate/Log/LogManager.php(272): Illuminate\\Support\\Collection->flatMap()
#9 /home/hearca/ProjecteFinal/gocatch/vendor/laravel/framework/src/Illuminate/Log/LogManager.php(220): Illuminate\\Log\\LogManager->createStackDriver()
#10 /home/hearca/ProjecteFinal/gocatch/vendor/laravel/framework/src/Illuminate/Log/LogManager.php(135): Illuminate\\Log\\LogManager->resolve()
#11 /home/hearca/ProjecteFinal/gocatch/vendor/laravel/framework/src/Illuminate/Log/LogManager.php(122): Illuminate\\Log\\LogManager->get()
#12 /home/hearca/ProjecteFinal/gocatch/vendor/laravel/framework/src/Illuminate/Log/LogManager.php(686): Illuminate\\Log\\LogManager->driver()
#13 /home/hearca/ProjecteFinal/gocatch/vendor/laravel/framework/src/Illuminate/Support/Facades/Facade.php(338): Illuminate\\Log\\LogManager->info()
#14 /home/hearca/ProjecteFinal/gocatch/routes/web.php(17): Illuminate\\Support\\Facades\\Facade::__callStatic()
#15 /home/hearca/ProjecteFinal/gocatch/vendor/laravel/framework/src/Illuminate/Routing/CallableDispatcher.php(40): Illuminate\\Routing\\RouteFileRegistrar->{closure}()
#16 /home/hearca/ProjecteFinal/gocatch/vendor/laravel/framework/src/Illuminate/Routing/Route.php(237): Illuminate\\Routing\\CallableDispatcher->dispatch()
#17 /home/hearca/ProjecteFinal/gocatch/vendor/laravel/framework/src/Illuminate/Routing/Route.php(208): Illuminate\\Routing\\Route->runCallable()
#18 /home/hearca/ProjecteFinal/gocatch/vendor/laravel/framework/src/Illuminate/Routing/Router.php(798): Illuminate\\Routing\\Route->run()
#19 /home/hearca/ProjecteFinal/gocatch/vendor/laravel/framework/src/Illuminate/Pipeline/Pipeline.php(141): Illuminate\\Routing\\Router->Illuminate\\Routing\\{closure}()
#20 /home/hearca/ProjecteFinal/gocatch/vendor/laravel/framework/src/Illuminate/Routing/Middleware/SubstituteBindings.php(50): Illuminate\\Pipeline\\Pipeline->Illuminate\\Pipeline\\{closure}()
#21 /home/hearca/ProjecteFinal/gocatch/vendor/laravel/framework/src/Illuminate/Pipeline/Pipeline.php(180): Illuminate\\Routing\\Middleware\\SubstituteBindings->handle()
#22 /home/hearca/ProjecteFinal/gocatch/vendor/laravel/framework/src/Illuminate/Foundation/Http/Middleware/VerifyCsrfToken.php(78): Illuminate\\Pipeline\\Pipeline->Illuminate\\Pipeline\\{closure}()
#23 /home/hearca/ProjecteFinal/gocatch/vendor/laravel/framework/src/Illuminate/Pipeline/Pipeline.php(180): Illuminate\\Foundation\\Http\\Middleware\\VerifyCsrfToken->handle()
#24 /home/hearca/ProjecteFinal/gocatch/vendor/laravel/framework/src/Illuminate/View/Middleware/ShareErrorsFromSession.php(49): Illuminate\\Pipeline\\Pipeline->Illuminate\\Pipeline\\{closure}()
#25 /home/hearca/ProjecteFinal/gocatch/vendor/laravel/framework/src/Illuminate/Pipeline/Pipeline.php(180): Illuminate\\View\\Middleware\\ShareErrorsFromSession->handle()
#26 /home/hearca/ProjecteFinal/gocatch/vendor/laravel/framework/src/Illuminate/Session/Middleware/StartSession.php(121): Illuminate\\Pipeline\\Pipeline->Illuminate\\Pipeline\\{closure}()
#27 /home/hearca/ProjecteFinal/gocatch/vendor/laravel/framework/src/Illuminate/Session/Middleware/StartSession.php(64): Illuminate\\Session\\Middleware\\StartSession->handleStatefulRequest()
#28 /home/hearca/ProjecteFinal/gocatch/vendor/laravel/framework/src/Illuminate/Pipeline/Pipeline.php(180): Illuminate\\Session\\Middleware\\StartSession->handle()
#29 /home/hearca/ProjecteFinal/gocatch/vendor/laravel/framework/src/Illuminate/Cookie/Middleware/AddQueuedCookiesToResponse.php(37): Illuminate\\Pipeline\\Pipeline->Illuminate\\Pipeline\\{closure}()
#30 /home/hearca/ProjecteFinal/gocatch/vendor/laravel/framework/src/Illuminate/Pipeline/Pipeline.php(180): Illuminate\\Cookie\\Middleware\\AddQueuedCookiesToResponse->handle()
#31 /home/hearca/ProjecteFinal/gocatch/vendor/laravel/framework/src/Illuminate/Cookie/Middleware/EncryptCookies.php(67): Illuminate\\Pipeline\\Pipeline->Illuminate\\Pipeline\\{closure}()
#32 /home/hearca/ProjecteFinal/gocatch/vendor/laravel/framework/src/Illuminate/Pipeline/Pipeline.php(180): Illuminate\\Cookie\\Middleware\\EncryptCookies->handle()
#33 /home/hearca/ProjecteFinal/gocatch/vendor/laravel/framework/src/Illuminate/Pipeline/Pipeline.php(116): Illuminate\\Pipeline\\Pipeline->Illuminate\\Pipeline\\{closure}()
#34 /home/hearca/ProjecteFinal/gocatch/vendor/laravel/framework/src/Illuminate/Routing/Router.php(799): Illuminate\\Pipeline\\Pipeline->then()
#35 /home/hearca/ProjecteFinal/gocatch/vendor/laravel/framework/src/Illuminate/Routing/Router.php(776): Illuminate\\Routing\\Router->runRouteWithinStack()
#36 /home/hearca/ProjecteFinal/gocatch/vendor/laravel/framework/src/Illuminate/Routing/Router.php(740): Illuminate\\Routing\\Router->runRoute()
#37 /home/hearca/ProjecteFinal/gocatch/vendor/laravel/framework/src/Illuminate/Routing/Router.php(729): Illuminate\\Routing\\Router->dispatchToRoute()
#38 /home/hearca/ProjecteFinal/gocatch/vendor/laravel/framework/src/Illuminate/Foundation/Http/Kernel.php(190): Illuminate\\Routing\\Router->dispatch()
#39 /home/hearca/ProjecteFinal/gocatch/vendor/laravel/framework/src/Illuminate/Pipeline/Pipeline.php(141): Illuminate\\Foundation\\Http\\Kernel->Illuminate\\Foundation\\Http\\{closure}()
#40 /home/hearca/ProjecteFinal/gocatch/vendor/laravel/framework/src/Illuminate/Foundation/Http/Middleware/TransformsRequest.php(21): Illuminate\\Pipeline\\Pipeline->Illuminate\\Pipeline\\{closure}()
#41 /home/hearca/ProjecteFinal/gocatch/vendor/laravel/framework/src/Illuminate/Foundation/Http/Middleware/ConvertEmptyStringsToNull.php(31): Illuminate\\Foundation\\Http\\Middleware\\TransformsRequest->handle()
#42 /home/hearca/ProjecteFinal/gocatch/vendor/laravel/framework/src/Illuminate/Pipeline/Pipeline.php(180): Illuminate\\Foundation\\Http\\Middleware\\ConvertEmptyStringsToNull->handle()
#43 /home/hearca/ProjecteFinal/gocatch/vendor/laravel/framework/src/Illuminate/Foundation/Http/Middleware/TransformsRequest.php(21): Illuminate\\Pipeline\\Pipeline->Illuminate\\Pipeline\\{closure}()
#44 /home/hearca/ProjecteFinal/gocatch/vendor/laravel/framework/src/Illuminate/Foundation/Http/Middleware/TrimStrings.php(40): Illuminate\\Foundation\\Http\\Middleware\\TransformsRequest->handle()
#45 /home/hearca/ProjecteFinal/gocatch/vendor/laravel/framework/src/Illuminate/Pipeline/Pipeline.php(180): Illuminate\\Foundation\\Http\\Middleware\\TrimStrings->handle()
#46 /home/hearca/ProjecteFinal/gocatch/vendor/laravel/framework/src/Illuminate/Foundation/Http/Middleware/ValidatePostSize.php(27): Illuminate\\Pipeline\\Pipeline->Illuminate\\Pipeline\\{closure}()
#47 /home/hearca/ProjecteFinal/gocatch/vendor/laravel/framework/src/Illuminate/Pipeline/Pipeline.php(180): Illuminate\\Foundation\\Http\\Middleware\\ValidatePostSize->handle()
#48 /home/hearca/ProjecteFinal/gocatch/vendor/laravel/framework/src/Illuminate/Foundation/Http/Middleware/PreventRequestsDuringMaintenance.php(86): Illuminate\\Pipeline\\Pipeline->Illuminate\\Pipeline\\{closure}()
#49 /home/hearca/ProjecteFinal/gocatch/vendor/laravel/framework/src/Illuminate/Pipeline/Pipeline.php(180): Illuminate\\Foundation\\Http\\Middleware\\PreventRequestsDuringMaintenance->handle()
#50 /home/hearca/ProjecteFinal/gocatch/vendor/laravel/framework/src/Illuminate/Http/Middleware/HandleCors.php(49): Illuminate\\Pipeline\\Pipeline->Illuminate\\Pipeline\\{closure}()
#51 /home/hearca/ProjecteFinal/gocatch/vendor/laravel/framework/src/Illuminate/Pipeline/Pipeline.php(180): Illuminate\\Http\\Middleware\\HandleCors->handle()
#52 /home/hearca/ProjecteFinal/gocatch/vendor/laravel/framework/src/Illuminate/Http/Middleware/TrustProxies.php(39): Illuminate\\Pipeline\\Pipeline->Illuminate\\Pipeline\\{closure}()
#53 /home/hearca/ProjecteFinal/gocatch/vendor/laravel/framework/src/Illuminate/Pipeline/Pipeline.php(180): Illuminate\\Http\\Middleware\\TrustProxies->handle()
#54 /home/hearca/ProjecteFinal/gocatch/vendor/laravel/framework/src/Illuminate/Pipeline/Pipeline.php(116): Illuminate\\Pipeline\\Pipeline->Illuminate\\Pipeline\\{closure}()
#55 /home/hearca/ProjecteFinal/gocatch/vendor/laravel/framework/src/Illuminate/Foundation/Http/Kernel.php(165): Illuminate\\Pipeline\\Pipeline->then()
#56 /home/hearca/ProjecteFinal/gocatch/vendor/laravel/framework/src/Illuminate/Foundation/Http/Kernel.php(134): Illuminate\\Foundation\\Http\\Kernel->sendRequestThroughRouter()
#57 /home/hearca/ProjecteFinal/gocatch/public/index.php(52): Illuminate\\Foundation\\Http\\Kernel->handle()
#58 /home/hearca/ProjecteFinal/gocatch/vendor/laravel/framework/src/Illuminate/Foundation/resources/server.php(16): require_once('...')
#59 {main}
"} 
[2023-04-27 13:46:31] local.INFO: Loading welcome page  
